2022-06-11 22:07:59 Error: [MissingViewException] View file "Books\index.ctp" is missing.
Exception Attributes: array (
  'file' => 'Books\\index.ctp',
)
Request URL: /cake/books/index
Stack Trace:
#0 C:\xampp2\htdocs\cake\lib\Cake\View\View.php(470): View->_getViewFileName('Books\\index')
#1 C:\xampp2\htdocs\cake\lib\Cake\Controller\Controller.php(968): View->render(NULL, NULL)
#2 C:\xampp2\htdocs\cake\lib\Cake\Routing\Dispatcher.php(200): Controller->render()
#3 C:\xampp2\htdocs\cake\lib\Cake\Routing\Dispatcher.php(167): Dispatcher->_invoke(Object(BooksController), Object(CakeRequest))
#4 C:\xampp2\htdocs\cake\app\webroot\index.php(117): Dispatcher->dispatch(Object(CakeRequest), Object(CakeResponse))
#5 {main}
2022-06-11 22:08:35 Error: [MissingViewException] View file "Books\index.ctp" is missing.
Exception Attributes: array (
  'file' => 'Books\\index.ctp',
)
Request URL: /cake/books/index
Stack Trace:
#0 C:\xampp2\htdocs\cake\lib\Cake\View\View.php(470): View->_getViewFileName('Books\\index')
#1 C:\xampp2\htdocs\cake\lib\Cake\Controller\Controller.php(968): View->render(NULL, NULL)
#2 C:\xampp2\htdocs\cake\lib\Cake\Routing\Dispatcher.php(200): Controller->render()
#3 C:\xampp2\htdocs\cake\lib\Cake\Routing\Dispatcher.php(167): Dispatcher->_invoke(Object(BooksController), Object(CakeRequest))
#4 C:\xampp2\htdocs\cake\app\webroot\index.php(117): Dispatcher->dispatch(Object(CakeRequest), Object(CakeResponse))
#5 {main}
2022-06-11 22:09:46 Error: [MissingActionException] Action BooksController::view() could not be found.
Exception Attributes: array (
  'controller' => 'BooksController',
  'action' => 'view',
)
Request URL: /cake/books/view/1
Stack Trace:
#0 C:\xampp2\htdocs\cake\lib\Cake\Routing\Dispatcher.php(193): Controller->invokeAction(Object(CakeRequest))
#1 C:\xampp2\htdocs\cake\lib\Cake\Routing\Dispatcher.php(167): Dispatcher->_invoke(Object(BooksController), Object(CakeRequest))
#2 C:\xampp2\htdocs\cake\app\webroot\index.php(117): Dispatcher->dispatch(Object(CakeRequest), Object(CakeResponse))
#3 {main}
2022-06-11 23:05:56 Error: [MissingControllerException] Controller class UsersController could not be found.
Exception Attributes: array (
  'class' => 'UsersController',
  'plugin' => NULL,
)
Request URL: /cake/users
Stack Trace:
#0 C:\xampp2\htdocs\cake\app\webroot\index.php(117): Dispatcher->dispatch(Object(CakeRequest), Object(CakeResponse))
#1 {main}
2022-06-11 23:43:52 Error: Fatal Error (64): Cannot redeclare Employee::$validate in [C:\xampp\htdocs\cake\app\Model\Employee.php, line 9]
2022-06-11 23:43:52 Error: [FatalErrorException] Cannot redeclare Employee::$validate
Request URL: /cake/Employees
Stack Trace:
#0 C:\xampp\htdocs\cake\lib\Cake\Error\ErrorHandler.php(212): ErrorHandler::handleFatalError(64, 'Cannot redeclar...', 'C:\\xampp\\htdocs...', 9)
#1 C:\xampp\htdocs\cake\lib\Cake\Core\App.php(970): ErrorHandler::handleError(64, 'Cannot redeclar...', 'C:\\xampp\\htdocs...', 9, Array)
#2 C:\xampp\htdocs\cake\lib\Cake\Core\App.php(943): App::_checkFatalError()
#3 [internal function]: App::shutdown()
#4 {main}
2022-06-11 23:57:14 Error: [ParseError] syntax error, unexpected '}', expecting variable (T_VARIABLE)
Request URL: /cake/Employees/edit/231
Stack Trace:
#0 [internal function]: App::load('Employee')
#1 [internal function]: spl_autoload_call('Employee')
#2 C:\xampp\htdocs\cake\lib\Cake\Utility\ClassRegistry.php(146): class_exists('Employee')
#3 C:\xampp\htdocs\cake\lib\Cake\Controller\Controller.php(746): ClassRegistry::init('Employee')
#4 C:\xampp\htdocs\cake\lib\Cake\Controller\Controller.php(376): Controller->loadModel('Employee')
#5 C:\xampp\htdocs\cake\lib\Cake\Controller\Controller.php(414): Controller->__isset('Employee')
#6 C:\xampp\htdocs\cake\app\Controller\EmployeesController.php(68): Controller->__get('Employee')
#7 [internal function]: EmployeesController->edit('231')
#8 C:\xampp\htdocs\cake\lib\Cake\Controller\Controller.php(499): ReflectionMethod->invokeArgs(Object(EmployeesController), Array)
#9 C:\xampp\htdocs\cake\lib\Cake\Routing\Dispatcher.php(193): Controller->invokeAction(Object(CakeRequest))
#10 C:\xampp\htdocs\cake\lib\Cake\Routing\Dispatcher.php(167): Dispatcher->_invoke(Object(EmployeesController), Object(CakeRequest))
#11 C:\xampp\htdocs\cake\app\webroot\index.php(117): Dispatcher->dispatch(Object(CakeRequest), Object(CakeResponse))
#12 {main}
2022-06-11 23:57:17 Error: [ParseError] syntax error, unexpected '}', expecting variable (T_VARIABLE)
Request URL: /cake/Employees
Stack Trace:
#0 [internal function]: App::load('Employee')
#1 [internal function]: spl_autoload_call('Employee')
#2 C:\xampp\htdocs\cake\lib\Cake\Utility\ClassRegistry.php(146): class_exists('Employee')
#3 C:\xampp\htdocs\cake\lib\Cake\Controller\Controller.php(746): ClassRegistry::init('Employee')
#4 C:\xampp\htdocs\cake\lib\Cake\Controller\Controller.php(376): Controller->loadModel('Employee')
#5 C:\xampp\htdocs\cake\lib\Cake\Controller\Controller.php(414): Controller->__isset('Employee')
#6 C:\xampp\htdocs\cake\app\Controller\EmployeesController.php(24): Controller->__get('Employee')
#7 [internal function]: EmployeesController->index()
#8 C:\xampp\htdocs\cake\lib\Cake\Controller\Controller.php(499): ReflectionMethod->invokeArgs(Object(EmployeesController), Array)
#9 C:\xampp\htdocs\cake\lib\Cake\Routing\Dispatcher.php(193): Controller->invokeAction(Object(CakeRequest))
#10 C:\xampp\htdocs\cake\lib\Cake\Routing\Dispatcher.php(167): Dispatcher->_invoke(Object(EmployeesController), Object(CakeRequest))
#11 C:\xampp\htdocs\cake\app\webroot\index.php(117): Dispatcher->dispatch(Object(CakeRequest), Object(CakeResponse))
#12 {main}
